<?xml version="1.0" encoding="UTF-8"?>
<!-- Generated by org.testng.reporters.JUnitXMLReporter -->
<testsuite ignored="2" hostname="DESKTOP-O18LJV1" failures="0" tests="21" name="Test" time="765.403" errors="0" timestamp="2023-12-19T19:39:19 IST">
  <testcase classname="org.TestBase.ModelManagement" name="modelCreation" time="6.433"/>
  <testcase classname="org.TestBase.ModelManagement" name="editModel" time="5.417"/>
  <testcase classname="org.TestBase.ModelManagement" name="deleteModel" time="2.396"/>
  <testcase classname="org.TestBase.EntityManagement" name="modelCreation" time="13.808"/>
  <testcase classname="org.TestBase.EntityManagement" name="editEntity" time="5.668"/>
  <testcase classname="org.TestBase.EntityManagement" name="deleteEntity" time="4.442"/>
  <testcase classname="org.TestBase.ExplorerPageTest" name="updateBasePrice" time="47.433"/>
  <testcase classname="org.TestBase.ExplorerPageTest" name="updateBasePriceWithoutChange" time="39.104"/>
  <testcase classname="org.TestBase.ExplorerPageTest" name="updateDNPricing" time="43.313"/>
  <testcase classname="org.TestBase.ExplorerPageTest" name="updateDNPricingWithoutChange" time="44.937"/>
  <testcase classname="org.TestBase.ExplorerPageTest" name="updatePart" time="31.58"/>
  <testcase classname="org.TestBase.ExplorerPageTest" name="updatePartWithoutChange" time="26.521"/>
  <testcase classname="org.TestBase.ExplorerPageTest" name="updateProductPlanning" time="72.621"/>
  <testcase classname="org.TestBase.ExplorerPageTest" name="updateProductPlanningWithoutChange" time="47.942"/>
  <testcase classname="org.TestBase.ExplorerPageTest" name="updateSegment" time="40.728"/>
  <testcase classname="org.TestBase.ExplorerPageTest" name="updateSegmentWithoutChange" time="37.218"/>
  <testcase classname="org.TestBase.ExplorerPageTest" name="addRecord" time="27.349"/>
  <testcase classname="org.TestBase.ExplorerPageTest" name="deleteRecord" time="38.079"/>
  <testcase classname="org.TestBase.Bulkupload_TC" name="bulkupload" time="30.113"/>
  <testcase classname="org.TestBase.Bulkupload_TC" name="bulkuploaddownload" time="21.758"/>
  <testcase classname="org.TestBase.Bulkupload_TC" name="statusView" time="27.166"/>
  <testcase classname="org.TestBase.ModelManagement" name="modelCreationForEntity" time="0.0">
    <ignored/>
  </testcase> <!-- modelCreationForEntity -->
  <testcase classname="org.TestBase.ExplorerPageTest" name="editRecord" time="0.0">
    <ignored/>
  </testcase> <!-- editRecord -->
</testsuite> <!-- Test -->
